<?xml version="1.0" encoding="UTF-8"?>
<testsuite xmlns:xsi="http://www.w3.org/2001/XMLSchema-instance" xsi:noNamespaceSchemaLocation="https://maven.apache.org/surefire/maven-surefire-plugin/xsd/surefire-test-report.xsd" name="numbers.RationalDiffblueTest" time="0.063" tests="30" errors="27" skipped="0" failures="0">
  <properties>
    <property name="java.specification.version" value="17"/>
    <property name="sun.cpu.isalist" value="amd64"/>
    <property name="sun.jnu.encoding" value="Cp1252"/>
    <property name="java.class.path" value="C:\Users\boseg\eclipse-workspace\activity\target\test-classes;C:\Users\boseg\eclipse-workspace\activity\target\classes;C:\Users\boseg\.m2\repository\org\junit\jupiter\junit-jupiter-engine\5.7.0\junit-jupiter-engine-5.7.0.jar;C:\Users\boseg\.m2\repository\org\apiguardian\apiguardian-api\1.1.0\apiguardian-api-1.1.0.jar;C:\Users\boseg\.m2\repository\org\junit\platform\junit-platform-engine\1.7.0\junit-platform-engine-1.7.0.jar;C:\Users\boseg\.m2\repository\org\opentest4j\opentest4j\1.2.0\opentest4j-1.2.0.jar;C:\Users\boseg\.m2\repository\org\junit\platform\junit-platform-commons\1.7.0\junit-platform-commons-1.7.0.jar;C:\Users\boseg\.m2\repository\org\junit\jupiter\junit-jupiter-api\5.7.0\junit-jupiter-api-5.7.0.jar;C:\Users\boseg\.m2\repository\org\hamcrest\hamcrest-all\1.3\hamcrest-all-1.3.jar;"/>
    <property name="java.vm.vendor" value="Eclipse Adoptium"/>
    <property name="sun.arch.data.model" value="64"/>
    <property name="user.variant" value=""/>
    <property name="java.vendor.url" value="https://adoptium.net/"/>
    <property name="user.timezone" value="America/Chicago"/>
    <property name="os.name" value="Windows 10"/>
    <property name="java.vm.specification.version" value="17"/>
    <property name="sun.java.launcher" value="SUN_STANDARD"/>
    <property name="user.country" value="US"/>
    <property name="sun.boot.library.path" value="C:\eclipse\plugins\org.eclipse.justj.openjdk.hotspot.jre.full.win32.x86_64_17.0.8.v20230831-1047\jre\bin"/>
    <property name="sun.java.command" value="C:\Users\boseg\AppData\Local\Temp\surefire16819343550212117444\surefirebooter2518278041929786240.jar C:\Users\boseg\AppData\Local\Temp\surefire16819343550212117444 2024-03-11T21-17-47_548-jvmRun1 surefire5007167050064007546tmp surefire_08537626152071945453tmp"/>
    <property name="jdk.debug" value="release"/>
    <property name="surefire.test.class.path" value="C:\Users\boseg\eclipse-workspace\activity\target\test-classes;C:\Users\boseg\eclipse-workspace\activity\target\classes;C:\Users\boseg\.m2\repository\org\junit\jupiter\junit-jupiter-engine\5.7.0\junit-jupiter-engine-5.7.0.jar;C:\Users\boseg\.m2\repository\org\apiguardian\apiguardian-api\1.1.0\apiguardian-api-1.1.0.jar;C:\Users\boseg\.m2\repository\org\junit\platform\junit-platform-engine\1.7.0\junit-platform-engine-1.7.0.jar;C:\Users\boseg\.m2\repository\org\opentest4j\opentest4j\1.2.0\opentest4j-1.2.0.jar;C:\Users\boseg\.m2\repository\org\junit\platform\junit-platform-commons\1.7.0\junit-platform-commons-1.7.0.jar;C:\Users\boseg\.m2\repository\org\junit\jupiter\junit-jupiter-api\5.7.0\junit-jupiter-api-5.7.0.jar;C:\Users\boseg\.m2\repository\org\hamcrest\hamcrest-all\1.3\hamcrest-all-1.3.jar;"/>
    <property name="sun.cpu.endian" value="little"/>
    <property name="user.home" value="C:\Users\boseg"/>
    <property name="user.language" value="en"/>
    <property name="java.specification.vendor" value="Oracle Corporation"/>
    <property name="java.version.date" value="2023-08-24"/>
    <property name="java.home" value="C:\eclipse\plugins\org.eclipse.justj.openjdk.hotspot.jre.full.win32.x86_64_17.0.8.v20230831-1047\jre"/>
    <property name="file.separator" value="\"/>
    <property name="style.color" value="always"/>
    <property name="basedir" value="C:\Users\boseg\eclipse-workspace\activity"/>
    <property name="java.vm.compressedOopsMode" value="Zero based"/>
    <property name="line.separator" value="&#10;"/>
    <property name="java.vm.specification.vendor" value="Oracle Corporation"/>
    <property name="java.specification.name" value="Java Platform API Specification"/>
    <property name="surefire.real.class.path" value="C:\Users\boseg\AppData\Local\Temp\surefire16819343550212117444\surefirebooter2518278041929786240.jar"/>
    <property name="user.script" value=""/>
    <property name="sun.management.compiler" value="HotSpot 64-Bit Tiered Compilers"/>
    <property name="java.runtime.version" value="17.0.8.1+1"/>
    <property name="user.name" value="boseg"/>
    <property name="path.separator" value=";"/>
    <property name="os.version" value="10.0"/>
    <property name="java.runtime.name" value="OpenJDK Runtime Environment"/>
    <property name="file.encoding" value="Cp1252"/>
    <property name="java.vm.name" value="OpenJDK 64-Bit Server VM"/>
    <property name="java.vendor.version" value="Temurin-17.0.8.1+1"/>
    <property name="localRepository" value="C:\Users\boseg\.m2\repository"/>
    <property name="java.vendor.url.bug" value="https://github.com/adoptium/adoptium-support/issues"/>
    <property name="java.io.tmpdir" value="C:\Users\boseg\AppData\Local\Temp\"/>
    <property name="java.version" value="17.0.8.1"/>
    <property name="user.dir" value="C:\Users\boseg\eclipse-workspace\activity"/>
    <property name="os.arch" value="amd64"/>
    <property name="java.vm.specification.name" value="Java Virtual Machine Specification"/>
    <property name="sun.os.patch.level" value=""/>
    <property name="native.encoding" value="Cp1252"/>
    <property name="java.library.path" value="C:\eclipse\plugins\org.eclipse.justj.openjdk.hotspot.jre.full.win32.x86_64_17.0.8.v20230831-1047\jre\bin;C:\WINDOWS\Sun\Java\bin;C:\WINDOWS\system32;C:\WINDOWS;C:/eclipse//plugins/org.eclipse.justj.openjdk.hotspot.jre.full.win32.x86_64_17.0.9.v20231028-0858/jre/bin/server;C:/eclipse//plugins/org.eclipse.justj.openjdk.hotspot.jre.full.win32.x86_64_17.0.9.v20231028-0858/jre/bin;C:\Program Files\Common Files\Oracle\Java\javapath;C:\Program Files (x86)\Common Files\Oracle\Java\javapath;C:\Program Files\Eclipse Adoptium\jdk-21.0.0.35-hotspot\bin;C:\Program Files (x86)\Intel\Intel(R) Management Engine Components\iCLS\;C:\Program Files\Intel\Intel(R) Management Engine Components\iCLS\;C:\Windows\system32;C:\Windows;C:\Windows\System32\Wbem;C:\Windows\System32\WindowsPowerShell\v1.0\;C:\Windows\System32\OpenSSH\;C:\Program Files (x86)\Intel\Intel(R) Management Engine Components\DAL;C:\Program Files\Intel\Intel(R) Management Engine Components\DAL;C:\Program Files\Intel\WiFi\bin\;C:\Program Files\Common Files\Intel\WirelessCommon\;C:\Program Files (x86)\NVIDIA Corporation\PhysX\Common;C:\WINDOWS\system32;C:\WINDOWS;C:\WINDOWS\System32\Wbem;C:\WINDOWS\System32\WindowsPowerShell\v1.0\;C:\WINDOWS\System32\OpenSSH\;C:\MinGW\bin;C:\Program Files\dotnet\;C:\Program Files\Git\cmd;C:\Program Files\PuTTY\;C:\Program Files\Docker\Docker\resources\bin;C:\Program Files\Java\jdk-21\bin;C:\Users\boseg\AppData\Local\Programs\Python\Python39\Scripts\;C:\Users\boseg\AppData\Local\Programs\Python\Python39\;C:\Users\boseg\AppData\Local\Microsoft\WindowsApps;C:\Program Files\Intel\WiFi\bin\;C:\Program Files\Common Files\Intel\WirelessCommon\;C:\Users\boseg\AppData\Local\Programs\Microsoft VS Code\bin;C:\texlive\2022\bin\win32;C:\Program Files\PostgreSQL\16\bin;C:\Program Files\PostgreSQL\16;C:\Program Files\Java\javafx-sdk-21.0.1\apache-maven-3.9.6\bin;C:\Program Files\Java\javafx-sdk-21.0.1\apache-maven-3.9.6;;C:\eclipse;;."/>
    <property name="java.vm.info" value="mixed mode"/>
    <property name="java.vendor" value="Eclipse Adoptium"/>
    <property name="java.vm.version" value="17.0.8.1+1"/>
    <property name="sun.io.unicode.encoding" value="UnicodeLittle"/>
    <property name="java.class.version" value="61.0"/>
  </properties>
  <testcase name="testGettersAndSetters" classname="numbers.RationalDiffblueTest" time="0.018"/>
  <testcase name="testEquals2" classname="numbers.RationalDiffblueTest" time="0.011">
    <error message="Cannot invoke &quot;numbers.Rational.equals(Object)&quot; because &quot;rational&quot; is null" type="java.lang.NullPointerException">java.lang.NullPointerException: Cannot invoke "numbers.Rational.equals(Object)" because "rational" is null
	at numbers.RationalDiffblueTest.testEquals2(RationalDiffblueTest.java:253)
</error>
  </testcase>
  <testcase name="testEquals3" classname="numbers.RationalDiffblueTest" time="0">
    <error message="Cannot invoke &quot;numbers.Rational.equals(Object)&quot; because &quot;rational&quot; is null" type="java.lang.NullPointerException">java.lang.NullPointerException: Cannot invoke "numbers.Rational.equals(Object)" because "rational" is null
	at numbers.RationalDiffblueTest.testEquals3(RationalDiffblueTest.java:271)
</error>
  </testcase>
  <testcase name="testFloatValue" classname="numbers.RationalDiffblueTest" time="0.001">
    <error message="Cannot invoke &quot;numbers.Rational.floatValue()&quot; because &quot;rational&quot; is null" type="java.lang.NullPointerException">java.lang.NullPointerException: Cannot invoke "numbers.Rational.floatValue()" because "rational" is null
	at numbers.RationalDiffblueTest.testFloatValue(RationalDiffblueTest.java:68)
</error>
  </testcase>
  <testcase name="testRaisedToThePowerOf" classname="numbers.RationalDiffblueTest" time="0.001">
    <error message="Cannot invoke &quot;numbers.Rational.raisedToThePowerOf(int)&quot; because &quot;rational&quot; is null" type="java.lang.NullPointerException">java.lang.NullPointerException: Cannot invoke "numbers.Rational.raisedToThePowerOf(int)" because "rational" is null
	at numbers.RationalDiffblueTest.testRaisedToThePowerOf(RationalDiffblueTest.java:218)
</error>
  </testcase>
  <testcase name="testLessThan" classname="numbers.RationalDiffblueTest" time="0.001">
    <error message="Cannot invoke &quot;numbers.Rational.lessThan(java.lang.Number)&quot; because &quot;rational&quot; is null" type="java.lang.NullPointerException">java.lang.NullPointerException: Cannot invoke "numbers.Rational.lessThan(java.lang.Number)" because "rational" is null
	at numbers.RationalDiffblueTest.testLessThan(RationalDiffblueTest.java:362)
</error>
  </testcase>
  <testcase name="testGcd" classname="numbers.RationalDiffblueTest" time="0"/>
  <testcase name="testIsOne" classname="numbers.RationalDiffblueTest" time="0.001">
    <error message="Cannot invoke &quot;numbers.Rational.isOne()&quot; because &quot;rational&quot; is null" type="java.lang.NullPointerException">java.lang.NullPointerException: Cannot invoke "numbers.Rational.isOne()" because "rational" is null
	at numbers.RationalDiffblueTest.testIsOne(RationalDiffblueTest.java:411)
</error>
  </testcase>
  <testcase name="testMinus" classname="numbers.RationalDiffblueTest" time="0">
    <error message="Cannot invoke &quot;numbers.Rational.minus(numbers.Rational)&quot; because &quot;rational&quot; is null" type="java.lang.NullPointerException">java.lang.NullPointerException: Cannot invoke "numbers.Rational.minus(numbers.Rational)" because "rational" is null
	at numbers.RationalDiffblueTest.testMinus(RationalDiffblueTest.java:167)
</error>
  </testcase>
  <testcase name="testTimes" classname="numbers.RationalDiffblueTest" time="0">
    <error message="Cannot invoke &quot;numbers.Rational.times(numbers.Rational)&quot; because &quot;rational&quot; is null" type="java.lang.NullPointerException">java.lang.NullPointerException: Cannot invoke "numbers.Rational.times(numbers.Rational)" because "rational" is null
	at numbers.RationalDiffblueTest.testTimes(RationalDiffblueTest.java:184)
</error>
  </testcase>
  <testcase name="testPlus" classname="numbers.RationalDiffblueTest" time="0.001">
    <error message="Cannot invoke &quot;numbers.Rational.plus(numbers.Rational)&quot; because &quot;rational&quot; is null" type="java.lang.NullPointerException">java.lang.NullPointerException: Cannot invoke "numbers.Rational.plus(numbers.Rational)" because "rational" is null
	at numbers.RationalDiffblueTest.testPlus(RationalDiffblueTest.java:150)
</error>
  </testcase>
  <testcase name="testToString" classname="numbers.RationalDiffblueTest" time="0">
    <error message="Cannot invoke &quot;numbers.Rational.toString()&quot; because &quot;rational&quot; is null" type="java.lang.NullPointerException">java.lang.NullPointerException: Cannot invoke "numbers.Rational.toString()" because "rational" is null
	at numbers.RationalDiffblueTest.testToString(RationalDiffblueTest.java:443)
</error>
  </testcase>
  <testcase name="testReciprocal" classname="numbers.RationalDiffblueTest" time="0">
    <error message="Cannot invoke &quot;numbers.Rational.reciprocal()&quot; because &quot;rational&quot; is null" type="java.lang.NullPointerException">java.lang.NullPointerException: Cannot invoke "numbers.Rational.reciprocal()" because "rational" is null
	at numbers.RationalDiffblueTest.testReciprocal(RationalDiffblueTest.java:133)
</error>
  </testcase>
  <testcase name="testDividedBy" classname="numbers.RationalDiffblueTest" time="0.001">
    <error message="Cannot invoke &quot;numbers.Rational.dividedBy(numbers.Rational)&quot; because &quot;rational&quot; is null" type="java.lang.NullPointerException">java.lang.NullPointerException: Cannot invoke "numbers.Rational.dividedBy(numbers.Rational)" because "rational" is null
	at numbers.RationalDiffblueTest.testDividedBy(RationalDiffblueTest.java:201)
</error>
  </testcase>
  <testcase name="testCompareTo" classname="numbers.RationalDiffblueTest" time="0">
    <error message="Cannot invoke &quot;numbers.Rational.compareTo(java.lang.Number)&quot; because &quot;rational&quot; is null" type="java.lang.NullPointerException">java.lang.NullPointerException: Cannot invoke "numbers.Rational.compareTo(java.lang.Number)" because "rational" is null
	at numbers.RationalDiffblueTest.testCompareTo(RationalDiffblueTest.java:101)
</error>
  </testcase>
  <testcase name="testGreaterThan2" classname="numbers.RationalDiffblueTest" time="0">
    <error message="Cannot invoke &quot;numbers.Rational.greaterThan(numbers.Rational)&quot; because &quot;rational&quot; is null" type="java.lang.NullPointerException">java.lang.NullPointerException: Cannot invoke "numbers.Rational.greaterThan(numbers.Rational)" because "rational" is null
	at numbers.RationalDiffblueTest.testGreaterThan2(RationalDiffblueTest.java:345)
</error>
  </testcase>
  <testcase name="testGreaterThan" classname="numbers.RationalDiffblueTest" time="0.001">
    <error message="Cannot invoke &quot;numbers.Rational.greaterThan(java.lang.Number)&quot; because &quot;rational&quot; is null" type="java.lang.NullPointerException">java.lang.NullPointerException: Cannot invoke "numbers.Rational.greaterThan(java.lang.Number)" because "rational" is null
	at numbers.RationalDiffblueTest.testGreaterThan(RationalDiffblueTest.java:328)
</error>
  </testcase>
  <testcase name="testOpposite" classname="numbers.RationalDiffblueTest" time="0">
    <error message="Cannot invoke &quot;numbers.Rational.opposite()&quot; because &quot;rational&quot; is null" type="java.lang.NullPointerException">java.lang.NullPointerException: Cannot invoke "numbers.Rational.opposite()" because "rational" is null
	at numbers.RationalDiffblueTest.testOpposite(RationalDiffblueTest.java:117)
</error>
  </testcase>
  <testcase name="testLongValue" classname="numbers.RationalDiffblueTest" time="0.001">
    <error message="Cannot invoke &quot;numbers.Rational.longValue()&quot; because &quot;rational&quot; is null" type="java.lang.NullPointerException">java.lang.NullPointerException: Cannot invoke "numbers.Rational.longValue()" because "rational" is null
	at numbers.RationalDiffblueTest.testLongValue(RationalDiffblueTest.java:52)
</error>
  </testcase>
  <testcase name="testEqualsAndHashCode2" classname="numbers.RationalDiffblueTest" time="0">
    <error message="Cannot invoke &quot;numbers.Rational.equals(Object)&quot; because &quot;rational&quot; is null" type="java.lang.NullPointerException">java.lang.NullPointerException: Cannot invoke "numbers.Rational.equals(Object)" because "rational" is null
	at numbers.RationalDiffblueTest.testEqualsAndHashCode2(RationalDiffblueTest.java:308)
</error>
  </testcase>
  <testcase name="testNewRational" classname="numbers.RationalDiffblueTest" time="0.001">
    <error message="Denominator cannot be zero." type="java.lang.IllegalArgumentException">java.lang.IllegalArgumentException: Denominator cannot be zero.
	at numbers.RationalDiffblueTest.testNewRational(RationalDiffblueTest.java:505)
</error>
  </testcase>
  <testcase name="testLessThan2" classname="numbers.RationalDiffblueTest" time="0">
    <error message="Cannot invoke &quot;numbers.Rational.lessThan(numbers.Rational)&quot; because &quot;rational&quot; is null" type="java.lang.NullPointerException">java.lang.NullPointerException: Cannot invoke "numbers.Rational.lessThan(numbers.Rational)" because "rational" is null
	at numbers.RationalDiffblueTest.testLessThan2(RationalDiffblueTest.java:379)
</error>
  </testcase>
  <testcase name="testGettersAndSetters2" classname="numbers.RationalDiffblueTest" time="0"/>
  <testcase name="testIntValue" classname="numbers.RationalDiffblueTest" time="0">
    <error message="Cannot invoke &quot;numbers.Rational.intValue()&quot; because &quot;rational&quot; is null" type="java.lang.NullPointerException">java.lang.NullPointerException: Cannot invoke "numbers.Rational.intValue()" because "rational" is null
	at numbers.RationalDiffblueTest.testIntValue(RationalDiffblueTest.java:36)
</error>
  </testcase>
  <testcase name="testEquals" classname="numbers.RationalDiffblueTest" time="0.001">
    <error message="Cannot invoke &quot;numbers.Rational.equals(Object)&quot; because &quot;rational&quot; is null" type="java.lang.NullPointerException">java.lang.NullPointerException: Cannot invoke "numbers.Rational.equals(Object)" because "rational" is null
	at numbers.RationalDiffblueTest.testEquals(RationalDiffblueTest.java:235)
</error>
  </testcase>
  <testcase name="testEqualsAndHashCode" classname="numbers.RationalDiffblueTest" time="0">
    <error message="Cannot invoke &quot;numbers.Rational.equals(Object)&quot; because &quot;rational&quot; is null" type="java.lang.NullPointerException">java.lang.NullPointerException: Cannot invoke "numbers.Rational.equals(Object)" because "rational" is null
	at numbers.RationalDiffblueTest.testEqualsAndHashCode(RationalDiffblueTest.java:288)
</error>
  </testcase>
  <testcase name="testIsZero" classname="numbers.RationalDiffblueTest" time="0.001">
    <error message="Cannot invoke &quot;numbers.Rational.isZero()&quot; because &quot;rational&quot; is null" type="java.lang.NullPointerException">java.lang.NullPointerException: Cannot invoke "numbers.Rational.isZero()" because "rational" is null
	at numbers.RationalDiffblueTest.testIsZero(RationalDiffblueTest.java:395)
</error>
  </testcase>
  <testcase name="testIsMinusOne" classname="numbers.RationalDiffblueTest" time="0.001">
    <error message="Cannot invoke &quot;numbers.Rational.isMinusOne()&quot; because &quot;rational&quot; is null" type="java.lang.NullPointerException">java.lang.NullPointerException: Cannot invoke "numbers.Rational.isMinusOne()" because "rational" is null
	at numbers.RationalDiffblueTest.testIsMinusOne(RationalDiffblueTest.java:427)
</error>
  </testcase>
  <testcase name="testNewRational2" classname="numbers.RationalDiffblueTest" time="0.001">
    <error message="Rational object cannot be null." type="java.lang.NullPointerException">java.lang.NullPointerException: Rational object cannot be null.
	at numbers.RationalDiffblueTest.testNewRational2(RationalDiffblueTest.java:521)
</error>
  </testcase>
  <testcase name="testDoubleValue" classname="numbers.RationalDiffblueTest" time="0">
    <error message="Cannot invoke &quot;numbers.Rational.doubleValue()&quot; because &quot;rational&quot; is null" type="java.lang.NullPointerException">java.lang.NullPointerException: Cannot invoke "numbers.Rational.doubleValue()" because "rational" is null
	at numbers.RationalDiffblueTest.testDoubleValue(RationalDiffblueTest.java:84)
</error>
  </testcase>
</testsuite>