<?xml version="1.0" encoding="UTF-8"?>
<testsuite xmlns:xsi="http://www.w3.org/2001/XMLSchema-instance" xsi:noNamespaceSchemaLocation="https://maven.apache.org/surefire/maven-surefire-plugin/xsd/surefire-test-report.xsd" name="numbers.Rational2DiffblueTest" time="0.059" tests="29" errors="0" skipped="4" failures="0">
  <properties>
    <property name="java.specification.version" value="17"/>
    <property name="sun.cpu.isalist" value="amd64"/>
    <property name="sun.jnu.encoding" value="Cp1252"/>
    <property name="java.class.path" value="C:\Users\boseg\eclipse-workspace\activity\target\test-classes;C:\Users\boseg\eclipse-workspace\activity\target\classes;C:\Users\boseg\.m2\repository\org\junit\jupiter\junit-jupiter-engine\5.7.0\junit-jupiter-engine-5.7.0.jar;C:\Users\boseg\.m2\repository\org\apiguardian\apiguardian-api\1.1.0\apiguardian-api-1.1.0.jar;C:\Users\boseg\.m2\repository\org\junit\platform\junit-platform-engine\1.7.0\junit-platform-engine-1.7.0.jar;C:\Users\boseg\.m2\repository\org\opentest4j\opentest4j\1.2.0\opentest4j-1.2.0.jar;C:\Users\boseg\.m2\repository\org\junit\platform\junit-platform-commons\1.7.0\junit-platform-commons-1.7.0.jar;C:\Users\boseg\.m2\repository\org\junit\jupiter\junit-jupiter-api\5.7.0\junit-jupiter-api-5.7.0.jar;C:\Users\boseg\.m2\repository\org\hamcrest\hamcrest-all\1.3\hamcrest-all-1.3.jar;"/>
    <property name="java.vm.vendor" value="Eclipse Adoptium"/>
    <property name="sun.arch.data.model" value="64"/>
    <property name="user.variant" value=""/>
    <property name="java.vendor.url" value="https://adoptium.net/"/>
    <property name="user.timezone" value="America/Chicago"/>
    <property name="os.name" value="Windows 10"/>
    <property name="java.vm.specification.version" value="17"/>
    <property name="sun.java.launcher" value="SUN_STANDARD"/>
    <property name="user.country" value="US"/>
    <property name="sun.boot.library.path" value="C:\eclipse\plugins\org.eclipse.justj.openjdk.hotspot.jre.full.win32.x86_64_17.0.8.v20230831-1047\jre\bin"/>
    <property name="sun.java.command" value="C:\Users\boseg\AppData\Local\Temp\surefire1875869249356522079\surefirebooter6101083545816805372.jar C:\Users\boseg\AppData\Local\Temp\surefire1875869249356522079 2024-03-11T19-41-38_059-jvmRun1 surefire15335941223205408134tmp surefire_06708563311367237087tmp"/>
    <property name="jdk.debug" value="release"/>
    <property name="surefire.test.class.path" value="C:\Users\boseg\eclipse-workspace\activity\target\test-classes;C:\Users\boseg\eclipse-workspace\activity\target\classes;C:\Users\boseg\.m2\repository\org\junit\jupiter\junit-jupiter-engine\5.7.0\junit-jupiter-engine-5.7.0.jar;C:\Users\boseg\.m2\repository\org\apiguardian\apiguardian-api\1.1.0\apiguardian-api-1.1.0.jar;C:\Users\boseg\.m2\repository\org\junit\platform\junit-platform-engine\1.7.0\junit-platform-engine-1.7.0.jar;C:\Users\boseg\.m2\repository\org\opentest4j\opentest4j\1.2.0\opentest4j-1.2.0.jar;C:\Users\boseg\.m2\repository\org\junit\platform\junit-platform-commons\1.7.0\junit-platform-commons-1.7.0.jar;C:\Users\boseg\.m2\repository\org\junit\jupiter\junit-jupiter-api\5.7.0\junit-jupiter-api-5.7.0.jar;C:\Users\boseg\.m2\repository\org\hamcrest\hamcrest-all\1.3\hamcrest-all-1.3.jar;"/>
    <property name="sun.cpu.endian" value="little"/>
    <property name="user.home" value="C:\Users\boseg"/>
    <property name="user.language" value="en"/>
    <property name="java.specification.vendor" value="Oracle Corporation"/>
    <property name="java.version.date" value="2023-08-24"/>
    <property name="java.home" value="C:\eclipse\plugins\org.eclipse.justj.openjdk.hotspot.jre.full.win32.x86_64_17.0.8.v20230831-1047\jre"/>
    <property name="file.separator" value="\"/>
    <property name="style.color" value="always"/>
    <property name="basedir" value="C:\Users\boseg\eclipse-workspace\activity"/>
    <property name="java.vm.compressedOopsMode" value="Zero based"/>
    <property name="line.separator" value="&#10;"/>
    <property name="java.vm.specification.vendor" value="Oracle Corporation"/>
    <property name="java.specification.name" value="Java Platform API Specification"/>
    <property name="surefire.real.class.path" value="C:\Users\boseg\AppData\Local\Temp\surefire1875869249356522079\surefirebooter6101083545816805372.jar"/>
    <property name="user.script" value=""/>
    <property name="sun.management.compiler" value="HotSpot 64-Bit Tiered Compilers"/>
    <property name="java.runtime.version" value="17.0.8.1+1"/>
    <property name="user.name" value="boseg"/>
    <property name="path.separator" value=";"/>
    <property name="os.version" value="10.0"/>
    <property name="java.runtime.name" value="OpenJDK Runtime Environment"/>
    <property name="file.encoding" value="Cp1252"/>
    <property name="java.vm.name" value="OpenJDK 64-Bit Server VM"/>
    <property name="java.vendor.version" value="Temurin-17.0.8.1+1"/>
    <property name="localRepository" value="C:\Users\boseg\.m2\repository"/>
    <property name="java.vendor.url.bug" value="https://github.com/adoptium/adoptium-support/issues"/>
    <property name="java.io.tmpdir" value="C:\Users\boseg\AppData\Local\Temp\"/>
    <property name="java.version" value="17.0.8.1"/>
    <property name="user.dir" value="C:\Users\boseg\eclipse-workspace\activity"/>
    <property name="os.arch" value="amd64"/>
    <property name="java.vm.specification.name" value="Java Virtual Machine Specification"/>
    <property name="sun.os.patch.level" value=""/>
    <property name="native.encoding" value="Cp1252"/>
    <property name="java.library.path" value="C:\eclipse\plugins\org.eclipse.justj.openjdk.hotspot.jre.full.win32.x86_64_17.0.8.v20230831-1047\jre\bin;C:\WINDOWS\Sun\Java\bin;C:\WINDOWS\system32;C:\WINDOWS;C:/eclipse//plugins/org.eclipse.justj.openjdk.hotspot.jre.full.win32.x86_64_17.0.9.v20231028-0858/jre/bin/server;C:/eclipse//plugins/org.eclipse.justj.openjdk.hotspot.jre.full.win32.x86_64_17.0.9.v20231028-0858/jre/bin;C:\Program Files\Common Files\Oracle\Java\javapath;C:\Program Files (x86)\Common Files\Oracle\Java\javapath;C:\Program Files\Eclipse Adoptium\jdk-21.0.0.35-hotspot\bin;C:\Program Files (x86)\Intel\Intel(R) Management Engine Components\iCLS\;C:\Program Files\Intel\Intel(R) Management Engine Components\iCLS\;C:\Windows\system32;C:\Windows;C:\Windows\System32\Wbem;C:\Windows\System32\WindowsPowerShell\v1.0\;C:\Windows\System32\OpenSSH\;C:\Program Files (x86)\Intel\Intel(R) Management Engine Components\DAL;C:\Program Files\Intel\Intel(R) Management Engine Components\DAL;C:\Program Files\Intel\WiFi\bin\;C:\Program Files\Common Files\Intel\WirelessCommon\;C:\Program Files (x86)\NVIDIA Corporation\PhysX\Common;C:\WINDOWS\system32;C:\WINDOWS;C:\WINDOWS\System32\Wbem;C:\WINDOWS\System32\WindowsPowerShell\v1.0\;C:\WINDOWS\System32\OpenSSH\;C:\MinGW\bin;C:\Program Files\dotnet\;C:\Program Files\Git\cmd;C:\Program Files\PuTTY\;C:\Program Files\Docker\Docker\resources\bin;C:\Program Files\Java\jdk-21\bin;C:\Users\boseg\AppData\Local\Programs\Python\Python39\Scripts\;C:\Users\boseg\AppData\Local\Programs\Python\Python39\;C:\Users\boseg\AppData\Local\Microsoft\WindowsApps;C:\Program Files\Intel\WiFi\bin\;C:\Program Files\Common Files\Intel\WirelessCommon\;C:\Users\boseg\AppData\Local\Programs\Microsoft VS Code\bin;C:\texlive\2022\bin\win32;C:\Program Files\PostgreSQL\16\bin;C:\Program Files\PostgreSQL\16;C:\Program Files\Java\javafx-sdk-21.0.1\apache-maven-3.9.6\bin;C:\Program Files\Java\javafx-sdk-21.0.1\apache-maven-3.9.6;;C:\eclipse;;."/>
    <property name="java.vm.info" value="mixed mode"/>
    <property name="java.vendor" value="Eclipse Adoptium"/>
    <property name="java.vm.version" value="17.0.8.1+1"/>
    <property name="sun.io.unicode.encoding" value="UnicodeLittle"/>
    <property name="java.class.version" value="61.0"/>
  </properties>
  <testcase name="testGettersAndSetters" classname="numbers.Rational2DiffblueTest" time="0.023"/>
  <testcase name="testFloatValue" classname="numbers.Rational2DiffblueTest" time="0.002"/>
  <testcase name="testCompareTo2" classname="numbers.Rational2DiffblueTest" time="0">
    <skipped message="TODO: Complete this test"/>
  </testcase>
  <testcase name="testCompareTo3" classname="numbers.Rational2DiffblueTest" time="0"/>
  <testcase name="testGcd" classname="numbers.Rational2DiffblueTest" time="0"/>
  <testcase name="testIsOne" classname="numbers.Rational2DiffblueTest" time="0.002"/>
  <testcase name="testPlus2" classname="numbers.Rational2DiffblueTest" time="0">
    <skipped message="TODO: Complete this test"/>
  </testcase>
  <testcase name="testPlus3" classname="numbers.Rational2DiffblueTest" time="0.001"/>
  <testcase name="testTimes" classname="numbers.Rational2DiffblueTest" time="0"/>
  <testcase name="testPlus" classname="numbers.Rational2DiffblueTest" time="0"/>
  <testcase name="testToString" classname="numbers.Rational2DiffblueTest" time="0.001"/>
  <testcase name="testOpposite2" classname="numbers.Rational2DiffblueTest" time="0"/>
  <testcase name="testCompareTo" classname="numbers.Rational2DiffblueTest" time="0"/>
  <testcase name="testOpposite" classname="numbers.Rational2DiffblueTest" time="0.001"/>
  <testcase name="testNewRational22" classname="numbers.Rational2DiffblueTest" time="0"/>
  <testcase name="testNewRational23" classname="numbers.Rational2DiffblueTest" time="0.001"/>
  <testcase name="testNewRational24" classname="numbers.Rational2DiffblueTest" time="0"/>
  <testcase name="testNewRational25" classname="numbers.Rational2DiffblueTest" time="0.002"/>
  <testcase name="testNewRational26" classname="numbers.Rational2DiffblueTest" time="0"/>
  <testcase name="testNewRational27" classname="numbers.Rational2DiffblueTest" time="0"/>
  <testcase name="testNewRational28" classname="numbers.Rational2DiffblueTest" time="0">
    <skipped message="TODO: Complete this test"/>
  </testcase>
  <testcase name="testLongValue" classname="numbers.Rational2DiffblueTest" time="0"/>
  <testcase name="testGettersAndSetters2" classname="numbers.Rational2DiffblueTest" time="0"/>
  <testcase name="testIntValue" classname="numbers.Rational2DiffblueTest" time="0.001"/>
  <testcase name="testIsZero" classname="numbers.Rational2DiffblueTest" time="0"/>
  <testcase name="testNewRational2" classname="numbers.Rational2DiffblueTest" time="0"/>
  <testcase name="testTimes2" classname="numbers.Rational2DiffblueTest" time="0">
    <skipped message="TODO: Complete this test"/>
  </testcase>
  <testcase name="testTimes3" classname="numbers.Rational2DiffblueTest" time="0"/>
  <testcase name="testDoubleValue" classname="numbers.Rational2DiffblueTest" time="0"/>
</testsuite>