<?xml version="1.0" encoding="UTF-8"?>
<testsuite xmlns:xsi="http://www.w3.org/2001/XMLSchema-instance" xsi:noNamespaceSchemaLocation="https://maven.apache.org/surefire/maven-surefire-plugin/xsd/surefire-test-report.xsd" name="numbers.RationalTest" time="0.12" tests="118" errors="0" skipped="0" failures="0">
  <properties>
    <property name="java.specification.version" value="17"/>
    <property name="sun.cpu.isalist" value="amd64"/>
    <property name="sun.jnu.encoding" value="Cp1252"/>
    <property name="java.class.path" value="C:\Users\boseg\eclipse-workspace\activity\target\test-classes;C:\Users\boseg\eclipse-workspace\activity\target\classes;C:\Users\boseg\.m2\repository\org\junit\jupiter\junit-jupiter-api\5.7.0\junit-jupiter-api-5.7.0.jar;C:\Users\boseg\.m2\repository\org\apiguardian\apiguardian-api\1.1.0\apiguardian-api-1.1.0.jar;C:\Users\boseg\.m2\repository\org\opentest4j\opentest4j\1.2.0\opentest4j-1.2.0.jar;C:\Users\boseg\.m2\repository\org\junit\platform\junit-platform-commons\1.7.0\junit-platform-commons-1.7.0.jar;C:\Users\boseg\.m2\repository\org\junit\jupiter\junit-jupiter-engine\5.7.0\junit-jupiter-engine-5.7.0.jar;C:\Users\boseg\.m2\repository\org\junit\platform\junit-platform-engine\1.7.0\junit-platform-engine-1.7.0.jar;C:\Users\boseg\.m2\repository\org\hamcrest\hamcrest-all\1.3\hamcrest-all-1.3.jar;"/>
    <property name="java.vm.vendor" value="Eclipse Adoptium"/>
    <property name="sun.arch.data.model" value="64"/>
    <property name="user.variant" value=""/>
    <property name="java.vendor.url" value="https://adoptium.net/"/>
    <property name="user.timezone" value="America/Chicago"/>
    <property name="os.name" value="Windows 10"/>
    <property name="java.vm.specification.version" value="17"/>
    <property name="sun.java.launcher" value="SUN_STANDARD"/>
    <property name="user.country" value="US"/>
    <property name="sun.boot.library.path" value="C:\eclipse\plugins\org.eclipse.justj.openjdk.hotspot.jre.full.win32.x86_64_17.0.8.v20230831-1047\jre\bin"/>
    <property name="sun.java.command" value="C:\Users\boseg\AppData\Local\Temp\surefire10355823052145819300\surefirebooter11930419300924426376.jar C:\Users\boseg\AppData\Local\Temp\surefire10355823052145819300 2024-03-10T16-58-51_109-jvmRun1 surefire842826824287948186tmp surefire_012088430692493684050tmp"/>
    <property name="jdk.debug" value="release"/>
    <property name="surefire.test.class.path" value="C:\Users\boseg\eclipse-workspace\activity\target\test-classes;C:\Users\boseg\eclipse-workspace\activity\target\classes;C:\Users\boseg\.m2\repository\org\junit\jupiter\junit-jupiter-api\5.7.0\junit-jupiter-api-5.7.0.jar;C:\Users\boseg\.m2\repository\org\apiguardian\apiguardian-api\1.1.0\apiguardian-api-1.1.0.jar;C:\Users\boseg\.m2\repository\org\opentest4j\opentest4j\1.2.0\opentest4j-1.2.0.jar;C:\Users\boseg\.m2\repository\org\junit\platform\junit-platform-commons\1.7.0\junit-platform-commons-1.7.0.jar;C:\Users\boseg\.m2\repository\org\junit\jupiter\junit-jupiter-engine\5.7.0\junit-jupiter-engine-5.7.0.jar;C:\Users\boseg\.m2\repository\org\junit\platform\junit-platform-engine\1.7.0\junit-platform-engine-1.7.0.jar;C:\Users\boseg\.m2\repository\org\hamcrest\hamcrest-all\1.3\hamcrest-all-1.3.jar;"/>
    <property name="sun.cpu.endian" value="little"/>
    <property name="user.home" value="C:\Users\boseg"/>
    <property name="user.language" value="en"/>
    <property name="java.specification.vendor" value="Oracle Corporation"/>
    <property name="java.version.date" value="2023-08-24"/>
    <property name="java.home" value="C:\eclipse\plugins\org.eclipse.justj.openjdk.hotspot.jre.full.win32.x86_64_17.0.8.v20230831-1047\jre"/>
    <property name="file.separator" value="\"/>
    <property name="style.color" value="always"/>
    <property name="basedir" value="C:\Users\boseg\eclipse-workspace\activity"/>
    <property name="java.vm.compressedOopsMode" value="Zero based"/>
    <property name="line.separator" value="&#10;"/>
    <property name="java.vm.specification.vendor" value="Oracle Corporation"/>
    <property name="java.specification.name" value="Java Platform API Specification"/>
    <property name="surefire.real.class.path" value="C:\Users\boseg\AppData\Local\Temp\surefire10355823052145819300\surefirebooter11930419300924426376.jar"/>
    <property name="user.script" value=""/>
    <property name="sun.management.compiler" value="HotSpot 64-Bit Tiered Compilers"/>
    <property name="java.runtime.version" value="17.0.8.1+1"/>
    <property name="user.name" value="boseg"/>
    <property name="path.separator" value=";"/>
    <property name="os.version" value="10.0"/>
    <property name="java.runtime.name" value="OpenJDK Runtime Environment"/>
    <property name="file.encoding" value="Cp1252"/>
    <property name="java.vm.name" value="OpenJDK 64-Bit Server VM"/>
    <property name="java.vendor.version" value="Temurin-17.0.8.1+1"/>
    <property name="localRepository" value="C:\Users\boseg\.m2\repository"/>
    <property name="java.vendor.url.bug" value="https://github.com/adoptium/adoptium-support/issues"/>
    <property name="java.io.tmpdir" value="C:\Users\boseg\AppData\Local\Temp\"/>
    <property name="java.version" value="17.0.8.1"/>
    <property name="user.dir" value="C:\Users\boseg\eclipse-workspace\activity"/>
    <property name="os.arch" value="amd64"/>
    <property name="java.vm.specification.name" value="Java Virtual Machine Specification"/>
    <property name="sun.os.patch.level" value=""/>
    <property name="native.encoding" value="Cp1252"/>
    <property name="java.library.path" value="C:\eclipse\plugins\org.eclipse.justj.openjdk.hotspot.jre.full.win32.x86_64_17.0.8.v20230831-1047\jre\bin;C:\WINDOWS\Sun\Java\bin;C:\WINDOWS\system32;C:\WINDOWS;C:/eclipse//plugins/org.eclipse.justj.openjdk.hotspot.jre.full.win32.x86_64_17.0.9.v20231028-0858/jre/bin/server;C:/eclipse//plugins/org.eclipse.justj.openjdk.hotspot.jre.full.win32.x86_64_17.0.9.v20231028-0858/jre/bin;C:\Program Files\Common Files\Oracle\Java\javapath;C:\Program Files (x86)\Common Files\Oracle\Java\javapath;C:\Program Files\Eclipse Adoptium\jdk-21.0.0.35-hotspot\bin;C:\Program Files (x86)\Intel\Intel(R) Management Engine Components\iCLS\;C:\Program Files\Intel\Intel(R) Management Engine Components\iCLS\;C:\Windows\system32;C:\Windows;C:\Windows\System32\Wbem;C:\Windows\System32\WindowsPowerShell\v1.0\;C:\Windows\System32\OpenSSH\;C:\Program Files (x86)\Intel\Intel(R) Management Engine Components\DAL;C:\Program Files\Intel\Intel(R) Management Engine Components\DAL;C:\Program Files\Intel\WiFi\bin\;C:\Program Files\Common Files\Intel\WirelessCommon\;C:\Program Files (x86)\NVIDIA Corporation\PhysX\Common;C:\WINDOWS\system32;C:\WINDOWS;C:\WINDOWS\System32\Wbem;C:\WINDOWS\System32\WindowsPowerShell\v1.0\;C:\WINDOWS\System32\OpenSSH\;C:\MinGW\bin;C:\Program Files\dotnet\;C:\Program Files\Git\cmd;C:\Program Files\PuTTY\;C:\Program Files\Docker\Docker\resources\bin;C:\Program Files\Java\jdk-21\bin;C:\Users\boseg\AppData\Local\Programs\Python\Python39\Scripts\;C:\Users\boseg\AppData\Local\Programs\Python\Python39\;C:\Users\boseg\AppData\Local\Microsoft\WindowsApps;C:\Program Files\Intel\WiFi\bin\;C:\Program Files\Common Files\Intel\WirelessCommon\;C:\Users\boseg\AppData\Local\Programs\Microsoft VS Code\bin;C:\texlive\2022\bin\win32;C:\Program Files\PostgreSQL\16\bin;C:\Program Files\PostgreSQL\16;C:\Program Files\Java\javafx-sdk-21.0.1\apache-maven-3.9.6\bin;C:\Program Files\Java\javafx-sdk-21.0.1\apache-maven-3.9.6;;C:\eclipse;;."/>
    <property name="java.vm.info" value="mixed mode"/>
    <property name="java.vendor" value="Eclipse Adoptium"/>
    <property name="java.vm.version" value="17.0.8.1+1"/>
    <property name="sun.io.unicode.encoding" value="UnicodeLittle"/>
    <property name="java.class.version" value="61.0"/>
  </properties>
  <testcase name="lessThanZeroCurrentValue" classname="numbers.RationalTest" time="0.031"/>
  <testcase name="compareToIntegerLess" classname="numbers.RationalTest" time="0"/>
  <testcase name="plusSumsRationals" classname="numbers.RationalTest" time="0.009"/>
  <testcase name="numeratorLessThanDenominator" classname="numbers.RationalTest" time="0"/>
  <testcase name="equalsReturnsTrueFloat" classname="numbers.RationalTest" time="0"/>
  <testcase name="reciprocalOfRational" classname="numbers.RationalTest" time="0"/>
  <testcase name="isMinusOneZeroValue" classname="numbers.RationalTest" time="0.002"/>
  <testcase name="TwoParamTest" classname="numbers.RationalTest" time="0.001"/>
  <testcase name="compareToRationalEqual" classname="numbers.RationalTest" time="0.002"/>
  <testcase name="intValueNegativeFractionToWholeNumber" classname="numbers.RationalTest" time="0"/>
  <testcase name="compareToLongLess" classname="numbers.RationalTest" time="0"/>
  <testcase name="doubleValueSmallNumerator" classname="numbers.RationalTest" time="0"/>
  <testcase name="compareToIntegerGreater" classname="numbers.RationalTest" time="0"/>
  <testcase name="raisedToThePowerOfZero" classname="numbers.RationalTest" time="0.003"/>
  <testcase name="greaterThanReturnsTrueWithFloat" classname="numbers.RationalTest" time="0.001"/>
  <testcase name="isZeroPositiveNumerator" classname="numbers.RationalTest" time="0"/>
  <testcase name="greaterThanReturnsTrueWhenCurrentIsGreater" classname="numbers.RationalTest" time="0"/>
  <testcase name="isMinusOneCanonicalMinusOneValue" classname="numbers.RationalTest" time="0"/>
  <testcase name="equalsReturnsFalseFloat" classname="numbers.RationalTest" time="0"/>
  <testcase name="doubleValueLargeNumeratorAndDenominator" classname="numbers.RationalTest" time="0.002"/>
  <testcase name="compareToRationalLess" classname="numbers.RationalTest" time="0.001"/>
  <testcase name="greaterThanReturnsFalseWhenCurrentIsNotGreater" classname="numbers.RationalTest" time="0"/>
  <testcase name="greaterThanReturnsFalseForEqualValues" classname="numbers.RationalTest" time="0"/>
  <testcase name="isMinusOneNonCanonicalMinusOneValue" classname="numbers.RationalTest" time="0.001"/>
  <testcase name="intValueLargeNumerator" classname="numbers.RationalTest" time="0"/>
  <testcase name="subtractSameNumbersEqualsZero" classname="numbers.RationalTest" time="0.001"/>
  <testcase name="numeratorGreaterThanDenominator" classname="numbers.RationalTest" time="0.001"/>
  <testcase name="doubleValueIrreducibleFraction" classname="numbers.RationalTest" time="0"/>
  <testcase name="doubleValueNegativeFractionToWholeNumber" classname="numbers.RationalTest" time="0.001"/>
  <testcase name="longValueNegativeTruncatesTowardsZero" classname="numbers.RationalTest" time="0"/>
  <testcase name="lessThanEqualValues" classname="numbers.RationalTest" time="0"/>
  <testcase name="toStringNegativeFraction" classname="numbers.RationalTest" time="0.001"/>
  <testcase name="greaterThanNumberInteger" classname="numbers.RationalTest" time="0"/>
  <testcase name="dividesByZeroRational" classname="numbers.RationalTest" time="0.001"/>
  <testcase name="compareToFloatEqual" classname="numbers.RationalTest" time="0"/>
  <testcase name="negativeNumeratorShouldWorkCorrectly" classname="numbers.RationalTest" time="0"/>
  <testcase name="isZeroZeroValue" classname="numbers.RationalTest" time="0"/>
  <testcase name="oppositeReturnsAdditiveInverseTest" classname="numbers.RationalTest" time="0.001"/>
  <testcase name="intValueNegativeTruncatesTowardsZero" classname="numbers.RationalTest" time="0"/>
  <testcase name="greaterThanZero" classname="numbers.RationalTest" time="0"/>
  <testcase name="longValueNegativeFractionToWholeNumber" classname="numbers.RationalTest" time="0"/>
  <testcase name="doubleValueNegativeFractionToDecimal" classname="numbers.RationalTest" time="0"/>
  <testcase name="lessThanZeroComparedValue" classname="numbers.RationalTest" time="0"/>
  <testcase name="lessThanCurrentValueLessThanR" classname="numbers.RationalTest" time="0"/>
  <testcase name="raisedToThePowerOfPositive" classname="numbers.RationalTest" time="0"/>
  <testcase name="greaterThanNegativeNumber" classname="numbers.RationalTest" time="0"/>
  <testcase name="isZeroNegativeNumerator" classname="numbers.RationalTest" time="0"/>
  <testcase name="floatValueLargeNumerator" classname="numbers.RationalTest" time="0"/>
  <testcase name="bothNegativeShouldBePositive" classname="numbers.RationalTest" time="0.001"/>
  <testcase name="greaterThanNumberDouble" classname="numbers.RationalTest" time="0"/>
  <testcase name="isOneZeroValue" classname="numbers.RationalTest" time="0"/>
  <testcase name="raisedToThePowerOfNegative" classname="numbers.RationalTest" time="0"/>
  <testcase name="addOppositeNumbersEqualsZero" classname="numbers.RationalTest" time="0"/>
  <testcase name="equalsReturnsFalseDouble" classname="numbers.RationalTest" time="0"/>
  <testcase name="greaterThanReturnsFalseWithInteger" classname="numbers.RationalTest" time="0"/>
  <testcase name="addNegativeRationals" classname="numbers.RationalTest" time="0.001"/>
  <testcase name="intValueFractionToWholeNumber" classname="numbers.RationalTest" time="0"/>
  <testcase name="copyConstructorTest" classname="numbers.RationalTest" time="0"/>
  <testcase name="shouldThrowExceptionForZeroDenominator" classname="numbers.RationalTest" time="0.001"/>
  <testcase name="equalsReturnsTrueRational" classname="numbers.RationalTest" time="0.001"/>
  <testcase name="compareToLongGreater" classname="numbers.RationalTest" time="0"/>
  <testcase name="raisedToThePowerOfLargePositivePower" classname="numbers.RationalTest" time="0.003"/>
  <testcase name="dividesByTwoNegativeRationals" classname="numbers.RationalTest" time="0"/>
  <testcase name="dividesByNegativeRational" classname="numbers.RationalTest" time="0"/>
  <testcase name="equalsReturnFalseRational" classname="numbers.RationalTest" time="0"/>
  <testcase name="greaterThanReturnsFalseWithDouble" classname="numbers.RationalTest" time="0"/>
  <testcase name="lessThanCurrentValueGreaterThanR" classname="numbers.RationalTest" time="0"/>
  <testcase name="raisedToThePowerOfRationalToZeroPower" classname="numbers.RationalTest" time="0"/>
  <testcase name="raisedToThePowerOfNegativeRationalToPositivePower" classname="numbers.RationalTest" time="0"/>
  <testcase name="floatValueLargeNumeratorAndDenominator" classname="numbers.RationalTest" time="0.001"/>
  <testcase name="intValueSmallNumerator" classname="numbers.RationalTest" time="0"/>
  <testcase name="compareToDoubleGreater" classname="numbers.RationalTest" time="0"/>
  <testcase name="negativeDenominatorShouldWorkCorrectly" classname="numbers.RationalTest" time="0.001"/>
  <testcase name="doubleValueLargeNumerator" classname="numbers.RationalTest" time="0"/>
  <testcase name="compareToRationalGreater" classname="numbers.RationalTest" time="0"/>
  <testcase name="floatValueIrreducibleFraction" classname="numbers.RationalTest" time="0.001"/>
  <testcase name="isOneCanonicalOneValue" classname="numbers.RationalTest" time="0"/>
  <testcase name="greaterThanReturnsFalse" classname="numbers.RationalTest" time="0"/>
  <testcase name="doubleValueFractionToWholeNumber" classname="numbers.RationalTest" time="0"/>
  <testcase name="oppositeOfNegativeRationalNumber" classname="numbers.RationalTest" time="0"/>
  <testcase name="greaterThanNumberGreaterDouble" classname="numbers.RationalTest" time="0.001"/>
  <testcase name="toStringFraction" classname="numbers.RationalTest" time="0.001"/>
  <testcase name="greaterThanReturnsFalseWithFloat" classname="numbers.RationalTest" time="0"/>
  <testcase name="isOneNonCanonicalOneValue" classname="numbers.RationalTest" time="0"/>
  <testcase name="oppositeOfZero" classname="numbers.RationalTest" time="0"/>
  <testcase name="raisedToThePowerOfLargeNegativePower" classname="numbers.RationalTest" time="0"/>
  <testcase name="compareToDoubleLess" classname="numbers.RationalTest" time="0"/>
  <testcase name="minusTest" classname="numbers.RationalTest" time="0.001"/>
  <testcase name="dividesByTest" classname="numbers.RationalTest" time="0"/>
  <testcase name="doubleValueFractionToDecimal" classname="numbers.RationalTest" time="0"/>
  <testcase name="reciprocalThrowsException" classname="numbers.RationalTest" time="0.001"/>
  <testcase name="floatValueNegativeFractionToWholeNumber" classname="numbers.RationalTest" time="0"/>
  <testcase name="greaterThanNumberSmallerRational" classname="numbers.RationalTest" time="0.001"/>
  <testcase name="longValueFractionToWholeNumber" classname="numbers.RationalTest" time="0"/>
  <testcase name="compareToAnotherNumber" classname="numbers.RationalTest" time="0"/>
  <testcase name="timesMultipliesRationals" classname="numbers.RationalTest" time="0.001"/>
  <testcase name="floatValueFractionToWholeNumber" classname="numbers.RationalTest" time="0"/>
  <testcase name="defaultConstructorShouldCreateZero" classname="numbers.RationalTest" time="0"/>
  <testcase name="floatValueSmallNumerator" classname="numbers.RationalTest" time="0"/>
  <testcase name="greaterThanReturnsTrue" classname="numbers.RationalTest" time="0"/>
  <testcase name="greaterThanReturnsTrueWithDouble" classname="numbers.RationalTest" time="0"/>
  <testcase name="floatValueFractionToDecimal" classname="numbers.RationalTest" time="0.002"/>
  <testcase name="greaterThanReturnsTrueWithInteger" classname="numbers.RationalTest" time="0"/>
  <testcase name="timesByOne" classname="numbers.RationalTest" time="0"/>
  <testcase name="toStringWholeNumber" classname="numbers.RationalTest" time="0.001"/>
  <testcase name="longValueLargeNumerator" classname="numbers.RationalTest" time="0"/>
  <testcase name="timesWithZero" classname="numbers.RationalTest" time="0.001"/>
  <testcase name="numeratorAsSingleParamTest" classname="numbers.RationalTest" time="0.001"/>
  <testcase name="equalsReturnsTrueDouble" classname="numbers.RationalTest" time="0"/>
  <testcase name="longValueTruncatesTowardsZero" classname="numbers.RationalTest" time="0"/>
  <testcase name="resultSimplification" classname="numbers.RationalTest" time="0.001"/>
  <testcase name="subtractAndSimplify" classname="numbers.RationalTest" time="0"/>
  <testcase name="numeratorEqualToDenominator" classname="numbers.RationalTest" time="0"/>
  <testcase name="intValueTruncatesTowardsZero" classname="numbers.RationalTest" time="0"/>
  <testcase name="addZeroHasNoEffect" classname="numbers.RationalTest" time="0"/>
  <testcase name="reciprocalOfRationalNumberLessThanOne" classname="numbers.RationalTest" time="0"/>
  <testcase name="floatValueNegativeFractionToDecimal" classname="numbers.RationalTest" time="0.001"/>
  <testcase name="lessThanBothValuesNegativeAndCurrentValueGreater" classname="numbers.RationalTest" time="0"/>
</testsuite>